This file contains any messages produced by compilers while
running configure, to aid debugging if configure makes a mistake.

It was created by xbmc-depends configure 2.00, which was
generated by GNU Autoconf 2.69.  Invocation command line was

  $ ./configure --with-toolchain=/home/zach/zach/opt/android-toolchain/android-17 --prefix=/home/zach/zach/opt/xbmc-depends --with-tarballs=/home/zach/zach/opt/xbmc-depends/xbmc-tarballs --host=arm-linux-androideabi --with-sdk-path=/home/zach/zach/opt/android-sdk-linux --with-ndk=/home/zach/zach/opt/android-ndk-r10e

## --------- ##
## Platform. ##
## --------- ##

hostname = ubuntu-PC
uname -m = x86_64
uname -r = 3.19.0-42-generic
uname -s = Linux
uname -v = #48~14.04.1-Ubuntu SMP Fri Dec 18 10:24:49 UTC 2015

/usr/bin/uname -p = unknown
/bin/uname -X     = unknown

/bin/arch              = unknown
/usr/bin/arch -k       = unknown
/usr/convex/getsysinfo = unknown
/usr/bin/hostinfo      = unknown
/bin/machine           = unknown
/usr/bin/oslevel       = unknown
/bin/universe          = unknown

PATH: /usr/local/sbin
PATH: /usr/local/bin
PATH: /usr/sbin
PATH: /usr/bin
PATH: /sbin
PATH: /bin
PATH: /usr/games
PATH: /usr/local/games


## ----------- ##
## Core tests. ##
## ----------- ##

configure:1993: checking build system type
configure:2007: result: x86_64-unknown-linux-gnu
configure:2027: checking host system type
configure:2040: result: arm-unknown-linux-androideabi
configure:2118: checking for arm-linux-androideabi-g++
configure:2148: result: no
configure:2118: checking for arm-linux-androideabi-c++
configure:2148: result: no
configure:2118: checking for arm-linux-androideabi-gpp
configure:2148: result: no
configure:2118: checking for arm-linux-androideabi-aCC
configure:2148: result: no
configure:2118: checking for arm-linux-androideabi-CC
configure:2148: result: no
configure:2118: checking for arm-linux-androideabi-cxx
configure:2148: result: no
configure:2118: checking for arm-linux-androideabi-cc++
configure:2148: result: no
configure:2118: checking for arm-linux-androideabi-cl.exe
configure:2148: result: no
configure:2118: checking for arm-linux-androideabi-FCC
configure:2148: result: no
configure:2118: checking for arm-linux-androideabi-KCC
configure:2148: result: no
configure:2118: checking for arm-linux-androideabi-RCC
configure:2148: result: no
configure:2118: checking for arm-linux-androideabi-xlC_r
configure:2148: result: no
configure:2118: checking for arm-linux-androideabi-xlC
configure:2148: result: no
configure:2162: checking for g++
configure:2178: found /usr/bin/g++
configure:2189: result: g++
configure:2216: checking for C++ compiler version
configure:2225: g++ --version >&5
g++ (Ubuntu 4.8.4-2ubuntu1~14.04) 4.8.4
Copyright (C) 2013 Free Software Foundation, Inc.
This is free software; see the source for copying conditions.  There is NO
warranty; not even for MERCHANTABILITY or FITNESS FOR A PARTICULAR PURPOSE.

configure:2236: $? = 0
configure:2225: g++ -v >&5
Using built-in specs.
COLLECT_GCC=g++
COLLECT_LTO_WRAPPER=/usr/lib/gcc/x86_64-linux-gnu/4.8/lto-wrapper
Target: x86_64-linux-gnu
Configured with: ../src/configure -v --with-pkgversion='Ubuntu 4.8.4-2ubuntu1~14.04' --with-bugurl=file:///usr/share/doc/gcc-4.8/README.Bugs --enable-languages=c,c++,java,go,d,fortran,objc,obj-c++ --prefix=/usr --program-suffix=-4.8 --enable-shared --enable-linker-build-id --libexecdir=/usr/lib --without-included-gettext --enable-threads=posix --with-gxx-include-dir=/usr/include/c++/4.8 --libdir=/usr/lib --enable-nls --with-sysroot=/ --enable-clocale=gnu --enable-libstdcxx-debug --enable-libstdcxx-time=yes --enable-gnu-unique-object --disable-libmudflap --enable-plugin --with-system-zlib --disable-browser-plugin --enable-java-awt=gtk --enable-gtk-cairo --with-java-home=/usr/lib/jvm/java-1.5.0-gcj-4.8-amd64/jre --enable-java-home --with-jvm-root-dir=/usr/lib/jvm/java-1.5.0-gcj-4.8-amd64 --with-jvm-jar-dir=/usr/lib/jvm-exports/java-1.5.0-gcj-4.8-amd64 --with-arch-directory=amd64 --with-ecj-jar=/usr/share/java/eclipse-ecj.jar --enable-objc-gc --enable-multiarch --disable-werror --with-arch-32=i686 --with-abi=m64 --with-multilib-list=m32,m64,mx32 --with-tune=generic --enable-checking=release --build=x86_64-linux-gnu --host=x86_64-linux-gnu --target=x86_64-linux-gnu
Thread model: posix
gcc version 4.8.4 (Ubuntu 4.8.4-2ubuntu1~14.04) 
configure:2236: $? = 0
configure:2225: g++ -V >&5
g++: error: unrecognized command line option '-V'
g++: fatal error: no input files
compilation terminated.
configure:2236: $? = 4
configure:2225: g++ -qversion >&5
g++: error: unrecognized command line option '-qversion'
g++: fatal error: no input files
compilation terminated.
configure:2236: $? = 4
configure:2256: checking whether the C++ compiler works
configure:2278: g++    conftest.cpp  >&5
configure:2282: $? = 0
configure:2330: result: yes
configure:2333: checking for C++ compiler default output file name
configure:2335: result: a.out
configure:2341: checking for suffix of executables
configure:2348: g++ -o conftest    conftest.cpp  >&5
configure:2352: $? = 0
configure:2374: result: 
configure:2396: checking whether we are cross compiling
configure:2404: g++ -o conftest    conftest.cpp  >&5
configure:2408: $? = 0
configure:2415: ./conftest
configure:2419: $? = 0
configure:2434: result: no
configure:2439: checking for suffix of object files
configure:2461: g++ -c   conftest.cpp >&5
configure:2465: $? = 0
configure:2486: result: o
configure:2490: checking whether we are using the GNU C++ compiler
configure:2509: g++ -c   conftest.cpp >&5
configure:2509: $? = 0
configure:2518: result: yes
configure:2527: checking whether g++ accepts -g
configure:2547: g++ -c -g  conftest.cpp >&5
configure:2547: $? = 0
configure:2588: result: yes
configure:2619: checking whether g++ supports C++11 features by default
configure:2653: g++ -c -g -O2  conftest.cpp >&5
conftest.cpp:13:21: error: expected identifier before 'sizeof'
       static_assert(sizeof(int) <= sizeof(T), "not big enough");
                     ^
conftest.cpp:13:21: error: expected ',' or '...' before 'sizeof'
conftest.cpp:13:63: error: ISO C++ forbids declaration of 'static_assert' with no type [-fpermissive]
       static_assert(sizeof(int) <= sizeof(T), "not big enough");
                                                               ^
conftest.cpp:23:29: error: '>>' should be '> >' within a nested template argument list
     typedef check<check<bool>> right_angle_brackets;
                             ^
conftest.cpp:26:13: error: expected constructor, destructor, or type conversion before '(' token
     decltype(a) b;
             ^
conftest.cpp:30:15: error: expected unqualified-id before '&&' token
     check_type&& cr = static_cast<check_type&&>(c);
               ^
conftest.cpp:32:10: error: 'd' does not name a type
     auto d = a;
          ^
conftest.cpp:33:10: error: 'l' does not name a type
     auto l = [](){};
          ^
configure:2653: $? = 1
configure: failed program was:
| /* confdefs.h */
| #define PACKAGE_NAME "xbmc-depends"
| #define PACKAGE_TARNAME "xbmc-depends"
| #define PACKAGE_VERSION "2.00"
| #define PACKAGE_STRING "xbmc-depends 2.00"
| #define PACKAGE_BUGREPORT "http://trac.xbmc.org"
| #define PACKAGE_URL ""
| /* end confdefs.h.  */
| 
|   template <typename T>
|     struct check
|     {
|       static_assert(sizeof(int) <= sizeof(T), "not big enough");
|     };
| 
|     struct Base {
|     virtual void f() {}
|     };
|     struct Child : public Base {
|     virtual void f() {}
|     };
| 
|     typedef check<check<bool>> right_angle_brackets;
| 
|     int a;
|     decltype(a) b;
| 
|     typedef check<int> check_type;
|     check_type c;
|     check_type&& cr = static_cast<check_type&&>(c);
| 
|     auto d = a;
|     auto l = [](){};
| 
configure:2660: result: no
configure:2669: checking whether g++ supports C++11 features with -std=gnu++11
configure:2705: g++ -c -g -O2 -std=gnu++11  conftest.cpp >&5
configure:2705: $? = 0
configure:2714: result: yes
configure:2883: checking for unzip
configure:2899: found /usr/bin/unzip
configure:2911: result: yes
configure:2925: checking for zip
configure:2941: found /usr/bin/zip
configure:2953: result: yes
configure:2967: checking for curl
configure:2985: found /usr/bin/curl
configure:2998: result: /usr/bin/curl
configure:3012: checking for tar
configure:3030: found /bin/tar
configure:3043: result: /bin/tar
configure:3507: checking for arm-linux-androideabi-ranlib
configure:3525: found /home/zach/zach/opt/android-toolchain/android-17/bin/arm-linux-androideabi-ranlib
configure:3537: result: /home/zach/zach/opt/android-toolchain/android-17/bin/arm-linux-androideabi-ranlib
configure:3605: checking for arm-linux-androideabi-ld
configure:3623: found /home/zach/zach/opt/android-toolchain/android-17/bin/arm-linux-androideabi-ld
configure:3635: result: /home/zach/zach/opt/android-toolchain/android-17/bin/arm-linux-androideabi-ld
configure:3703: checking for arm-linux-androideabi-ar
configure:3721: found /home/zach/zach/opt/android-toolchain/android-17/bin/arm-linux-androideabi-ar
configure:3733: result: /home/zach/zach/opt/android-toolchain/android-17/bin/arm-linux-androideabi-ar
configure:3801: checking for arm-linux-androideabi-readelf
configure:3819: found /home/zach/zach/opt/android-toolchain/android-17/bin/arm-linux-androideabi-readelf
configure:3831: result: /home/zach/zach/opt/android-toolchain/android-17/bin/arm-linux-androideabi-readelf
configure:3899: checking for arm-linux-androideabi-strip
configure:3917: found /home/zach/zach/opt/android-toolchain/android-17/bin/arm-linux-androideabi-strip
configure:3929: result: /home/zach/zach/opt/android-toolchain/android-17/bin/arm-linux-androideabi-strip
configure:3997: checking for arm-linux-androideabi-as
configure:4015: found /home/zach/zach/opt/android-toolchain/android-17/bin/arm-linux-androideabi-as
configure:4027: result: /home/zach/zach/opt/android-toolchain/android-17/bin/arm-linux-androideabi-as
configure:4095: checking for arm-linux-androideabi-nm
configure:4113: found /home/zach/zach/opt/android-toolchain/android-17/bin/arm-linux-androideabi-nm
configure:4125: result: /home/zach/zach/opt/android-toolchain/android-17/bin/arm-linux-androideabi-nm
configure:4193: checking for arm-linux-androideabi-objdump
configure:4211: found /home/zach/zach/opt/android-toolchain/android-17/bin/arm-linux-androideabi-objdump
configure:4223: result: /home/zach/zach/opt/android-toolchain/android-17/bin/arm-linux-androideabi-objdump
configure:4291: checking for arm-linux-androideabi-gcc
configure:4309: found /home/zach/zach/opt/android-toolchain/android-17/bin/arm-linux-androideabi-gcc
configure:4321: result: /home/zach/zach/opt/android-toolchain/android-17/bin/arm-linux-androideabi-gcc
configure:4389: checking for arm-linux-androideabi-g++
configure:4407: found /home/zach/zach/opt/android-toolchain/android-17/bin/arm-linux-androideabi-g++
configure:4419: result: /home/zach/zach/opt/android-toolchain/android-17/bin/arm-linux-androideabi-g++
configure:4492: checking for arm-linux-androideabi-gcc
configure:4519: result: /home/zach/zach/opt/android-toolchain/android-17/bin/arm-linux-androideabi-gcc
configure:4788: checking for C compiler version
configure:4797: /home/zach/zach/opt/android-toolchain/android-17/bin/arm-linux-androideabi-gcc --version >&5
arm-linux-androideabi-gcc (GCC) 4.8
Copyright (C) 2013 Free Software Foundation, Inc.
This is free software; see the source for copying conditions.  There is NO
warranty; not even for MERCHANTABILITY or FITNESS FOR A PARTICULAR PURPOSE.

configure:4808: $? = 0
configure:4797: /home/zach/zach/opt/android-toolchain/android-17/bin/arm-linux-androideabi-gcc -v >&5
Using built-in specs.
COLLECT_GCC=/home/zach/zach/opt/android-toolchain/android-17/bin/arm-linux-androideabi-gcc
COLLECT_LTO_WRAPPER=/home/zach/zach/opt/android-toolchain/android-17/bin/../libexec/gcc/arm-linux-androideabi/4.8/lto-wrapper
Target: arm-linux-androideabi
Configured with: /s/ndk-toolchain/src/build/../gcc/gcc-4.8/configure --prefix=/tmp/ndk-andrewhsieh/build/toolchain/prefix --target=arm-linux-androideabi --host=x86_64-linux-gnu --build=x86_64-linux-gnu --with-gnu-as --with-gnu-ld --enable-languages=c,c++ --with-gmp=/tmp/ndk-andrewhsieh/build/toolchain/temp-install --with-mpfr=/tmp/ndk-andrewhsieh/build/toolchain/temp-install --with-mpc=/tmp/ndk-andrewhsieh/build/toolchain/temp-install --with-cloog=/tmp/ndk-andrewhsieh/build/toolchain/temp-install --with-isl=/tmp/ndk-andrewhsieh/build/toolchain/temp-install --with-ppl=/tmp/ndk-andrewhsieh/build/toolchain/temp-install --disable-ppl-version-check --disable-cloog-version-check --disable-isl-version-check --enable-cloog-backend=isl --with-host-libstdcxx='-static-libgcc -Wl,-Bstatic,-lstdc++,-Bdynamic -lm' --disable-libssp --enable-threads --disable-nls --disable-libmudflap --disable-libgomp --disable-libstdc__-v3 --disable-sjlj-exceptions --disable-shared --disable-tls --disable-libitm --with-float=soft --with-fpu=vfp --with-arch=armv5te --enable-target-optspace --enable-initfini-array --disable-nls --prefix=/tmp/ndk-andrewhsieh/build/toolchain/prefix --with-sysroot=/tmp/ndk-andrewhsieh/build/toolchain/prefix/sysroot --with-binutils-version=2.25 --with-mpfr-version=3.1.1 --with-mpc-version=1.0.1 --with-gmp-version=5.0.5 --with-gcc-version=4.8 --with-gdb-version=7.7 --with-python=/usr/local/google/home/andrewhsieh/mydroid/ndk/prebuilt/linux-x86_64/bin/python-config.sh --with-gxx-include-dir=/tmp/ndk-andrewhsieh/build/toolchain/prefix/include/c++/4.8 --with-bugurl=http://source.android.com/source/report-bugs.html --enable-languages=c,c++ --disable-bootstrap --enable-plugins --enable-libgomp --enable-gnu-indirect-function --disable-libsanitizer --enable-gold --enable-threads --enable-graphite=yes --with-cloog-version=0.18.0 --with-isl-version=0.11.1 --enable-eh-frame-hdr-for-static --with-arch=armv5te --program-transform-name='s&^&arm-linux-androideabi-&' --enable-gold=default
Thread model: posix
gcc version 4.8 (GCC) 
configure:4808: $? = 0
configure:4797: /home/zach/zach/opt/android-toolchain/android-17/bin/arm-linux-androideabi-gcc -V >&5
arm-linux-androideabi-gcc: error: unrecognized command line option '-V'
arm-linux-androideabi-gcc: fatal error: no input files
compilation terminated.
configure:4808: $? = 1
configure:4797: /home/zach/zach/opt/android-toolchain/android-17/bin/arm-linux-androideabi-gcc -qversion >&5
arm-linux-androideabi-gcc: error: unrecognized command line option '-qversion'
arm-linux-androideabi-gcc: fatal error: no input files
compilation terminated.
configure:4808: $? = 1
configure:4812: checking whether we are using the GNU C compiler
configure:4831: /home/zach/zach/opt/android-toolchain/android-17/bin/arm-linux-androideabi-gcc -c   conftest.c >&5
configure:4831: $? = 0
configure:4840: result: yes
configure:4849: checking whether /home/zach/zach/opt/android-toolchain/android-17/bin/arm-linux-androideabi-gcc accepts -g
configure:4869: /home/zach/zach/opt/android-toolchain/android-17/bin/arm-linux-androideabi-gcc -c -g  conftest.c >&5
configure:4869: $? = 0
configure:4910: result: yes
configure:4927: checking for /home/zach/zach/opt/android-toolchain/android-17/bin/arm-linux-androideabi-gcc option to accept ISO C89
configure:4990: /home/zach/zach/opt/android-toolchain/android-17/bin/arm-linux-androideabi-gcc  -c   conftest.c >&5
configure:4990: $? = 0
configure:5003: result: none needed
configure:5028: checking how to run the C preprocessor
configure:5059: /home/zach/zach/opt/android-toolchain/android-17/bin/arm-linux-androideabi-gcc -E  conftest.c
configure:5059: $? = 0
configure:5073: /home/zach/zach/opt/android-toolchain/android-17/bin/arm-linux-androideabi-gcc -E  conftest.c
conftest.c:10:28: fatal error: ac_nonexistent.h: No such file or directory
 #include <ac_nonexistent.h>
                            ^
compilation terminated.
configure:5073: $? = 1
configure: failed program was:
| /* confdefs.h */
| #define PACKAGE_NAME "xbmc-depends"
| #define PACKAGE_TARNAME "xbmc-depends"
| #define PACKAGE_VERSION "2.00"
| #define PACKAGE_STRING "xbmc-depends 2.00"
| #define PACKAGE_BUGREPORT "http://trac.xbmc.org"
| #define PACKAGE_URL ""
| #define HAVE_CXX11 1
| /* end confdefs.h.  */
| #include <ac_nonexistent.h>
configure:5098: result: /home/zach/zach/opt/android-toolchain/android-17/bin/arm-linux-androideabi-gcc -E
configure:5118: /home/zach/zach/opt/android-toolchain/android-17/bin/arm-linux-androideabi-gcc -E  conftest.c
configure:5118: $? = 0
configure:5132: /home/zach/zach/opt/android-toolchain/android-17/bin/arm-linux-androideabi-gcc -E  conftest.c
conftest.c:10:28: fatal error: ac_nonexistent.h: No such file or directory
 #include <ac_nonexistent.h>
                            ^
compilation terminated.
configure:5132: $? = 1
configure: failed program was:
| /* confdefs.h */
| #define PACKAGE_NAME "xbmc-depends"
| #define PACKAGE_TARNAME "xbmc-depends"
| #define PACKAGE_VERSION "2.00"
| #define PACKAGE_STRING "xbmc-depends 2.00"
| #define PACKAGE_BUGREPORT "http://trac.xbmc.org"
| #define PACKAGE_URL ""
| #define HAVE_CXX11 1
| /* end confdefs.h.  */
| #include <ac_nonexistent.h>
configure:5163: checking for ranlib
configure:5181: found /usr/bin/ranlib
configure:5194: result: /usr/bin/ranlib
configure:5204: checking for ld
configure:5222: found /usr/bin/ld
configure:5235: result: /usr/bin/ld
configure:5245: checking for ar
configure:5263: found /usr/bin/ar
configure:5276: result: /usr/bin/ar
configure:5286: checking for readelf
configure:5304: found /usr/bin/readelf
configure:5317: result: /usr/bin/readelf
configure:5327: checking for strip
configure:5345: found /usr/bin/strip
configure:5358: result: /usr/bin/strip
configure:5368: checking for as
configure:5386: found /usr/bin/as
configure:5399: result: /usr/bin/as
configure:5409: checking for nm
configure:5427: found /usr/bin/nm
configure:5440: result: /usr/bin/nm
configure:5450: checking for objdump
configure:5468: found /usr/bin/objdump
configure:5481: result: /usr/bin/objdump
configure:5491: checking for gcc
configure:5509: found /usr/bin/gcc
configure:5522: result: /usr/bin/gcc
configure:5532: checking for g++
configure:5550: found /usr/bin/g++
configure:5563: result: /usr/bin/g++
configure:5573: checking for main in -lz
configure:5592: /home/zach/zach/opt/android-toolchain/android-17/bin/arm-linux-androideabi-gcc -o conftest    conftest.c -lz   >&5
configure:5592: $? = 0
configure:5601: result: yes
configure:5610: checking for library containing iconv_open
configure:5641: /home/zach/zach/opt/android-toolchain/android-17/bin/arm-linux-androideabi-gcc -o conftest    conftest.c  >&5
/tmp/ccil9XRT.o:conftest.c:function main: error: undefined reference to 'iconv_open'
collect2: error: ld returned 1 exit status
configure:5641: $? = 1
configure: failed program was:
| /* confdefs.h */
| #define PACKAGE_NAME "xbmc-depends"
| #define PACKAGE_TARNAME "xbmc-depends"
| #define PACKAGE_VERSION "2.00"
| #define PACKAGE_STRING "xbmc-depends 2.00"
| #define PACKAGE_BUGREPORT "http://trac.xbmc.org"
| #define PACKAGE_URL ""
| #define HAVE_CXX11 1
| /* end confdefs.h.  */
| 
| /* Override any GCC internal prototype to avoid an error.
|    Use char because int might match the return type of a GCC
|    builtin and then its argument prototype would still apply.  */
| #ifdef __cplusplus
| extern "C"
| #endif
| char iconv_open ();
| int
| main ()
| {
| return iconv_open ();
|   ;
|   return 0;
| }
configure:5641: /home/zach/zach/opt/android-toolchain/android-17/bin/arm-linux-androideabi-gcc -o conftest    conftest.c -liconv   >&5
/home/zach/zach/opt/android-toolchain/android-17/bin/../lib/gcc/arm-linux-androideabi/4.8/../../../../arm-linux-androideabi/bin/ld: error: cannot find -liconv
/tmp/ccMP6JBq.o:conftest.c:function main: error: undefined reference to 'iconv_open'
collect2: error: ld returned 1 exit status
configure:5641: $? = 1
configure: failed program was:
| /* confdefs.h */
| #define PACKAGE_NAME "xbmc-depends"
| #define PACKAGE_TARNAME "xbmc-depends"
| #define PACKAGE_VERSION "2.00"
| #define PACKAGE_STRING "xbmc-depends 2.00"
| #define PACKAGE_BUGREPORT "http://trac.xbmc.org"
| #define PACKAGE_URL ""
| #define HAVE_CXX11 1
| /* end confdefs.h.  */
| 
| /* Override any GCC internal prototype to avoid an error.
|    Use char because int might match the return type of a GCC
|    builtin and then its argument prototype would still apply.  */
| #ifdef __cplusplus
| extern "C"
| #endif
| char iconv_open ();
| int
| main ()
| {
| return iconv_open ();
|   ;
|   return 0;
| }
configure:5658: result: no
configure:5665: WARNING: "No iconv support in toolchain. Will build libiconv."
configure:5680: /home/zach/zach/opt/android-toolchain/android-17/bin/arm-linux-androideabi-gcc -o conftest    conftest.c  >&5
/tmp/ccII6AOY.o:conftest.c:function main: error: undefined reference to 'localeconv'
collect2: error: ld returned 1 exit status
configure:5680: $? = 1
configure: failed program was:
| /* confdefs.h */
| #define PACKAGE_NAME "xbmc-depends"
| #define PACKAGE_TARNAME "xbmc-depends"
| #define PACKAGE_VERSION "2.00"
| #define PACKAGE_STRING "xbmc-depends 2.00"
| #define PACKAGE_BUGREPORT "http://trac.xbmc.org"
| #define PACKAGE_URL ""
| #define HAVE_CXX11 1
| /* end confdefs.h.  */
| #include <locale.h>
| int
| main ()
| {
| struct lconv* test=localeconv();
|   ;
|   return 0;
| }
configure:5683: WARNING: "No localeconv support in toolchain. Using replacement."
configure:5688: checking for main in -lcrystax
configure:5707: /home/zach/zach/opt/android-toolchain/android-17/bin/arm-linux-androideabi-gcc -o conftest    conftest.c -lcrystax   >&5
/home/zach/zach/opt/android-toolchain/android-17/bin/../lib/gcc/arm-linux-androideabi/4.8/../../../../arm-linux-androideabi/bin/ld: error: cannot find -lcrystax
collect2: error: ld returned 1 exit status
configure:5707: $? = 1
configure: failed program was:
| /* confdefs.h */
| #define PACKAGE_NAME "xbmc-depends"
| #define PACKAGE_TARNAME "xbmc-depends"
| #define PACKAGE_VERSION "2.00"
| #define PACKAGE_STRING "xbmc-depends 2.00"
| #define PACKAGE_BUGREPORT "http://trac.xbmc.org"
| #define PACKAGE_URL ""
| #define HAVE_CXX11 1
| /* end confdefs.h.  */
| 
| 
| int
| main ()
| {
| return main ();
|   ;
|   return 0;
| }
configure:5716: result: no
configure:5765: checking for aapt
configure:5783: found /home/zach/zach/opt/android-sdk-linux/build-tools/20.0.0/aapt
configure:5796: result: /home/zach/zach/opt/android-sdk-linux/build-tools/20.0.0/aapt
configure:5810: checking for dx
configure:5828: found /home/zach/zach/opt/android-sdk-linux/build-tools/20.0.0/dx
configure:5841: result: /home/zach/zach/opt/android-sdk-linux/build-tools/20.0.0/dx
configure:5855: checking for zipalign
configure:5873: found /home/zach/zach/opt/android-sdk-linux/build-tools/20.0.0/zipalign
configure:5886: result: /home/zach/zach/opt/android-sdk-linux/build-tools/20.0.0/zipalign
configure:6124: creating ./config.status

## ---------------------- ##
## Running config.status. ##
## ---------------------- ##

This file was extended by xbmc-depends config.status 2.00, which was
generated by GNU Autoconf 2.69.  Invocation command line was

  CONFIG_FILES    = 
  CONFIG_HEADERS  = 
  CONFIG_LINKS    = 
  CONFIG_COMMANDS = 
  $ ./config.status 

on ubuntu-PC

config.status:789: creating target/config.site
config.status:789: creating native/config.site.native
config.status:789: creating Makefile.include
config.status:789: creating target/Toolchain.cmake
config.status:789: creating target/config-binaddons.site
config.status:789: creating target/Toolchain_binaddons.cmake

## ---------------- ##
## Cache variables. ##
## ---------------- ##

ac_cv_build=x86_64-unknown-linux-gnu
ac_cv_c_compiler_gnu=yes
ac_cv_cxx_compiler_gnu=yes
ac_cv_env_CCC_set=
ac_cv_env_CCC_value=
ac_cv_env_CC_set=
ac_cv_env_CC_value=
ac_cv_env_CFLAGS_set=
ac_cv_env_CFLAGS_value=
ac_cv_env_CPPFLAGS_set=
ac_cv_env_CPPFLAGS_value=
ac_cv_env_CPP_set=
ac_cv_env_CPP_value=
ac_cv_env_CXXFLAGS_set=
ac_cv_env_CXXFLAGS_value=
ac_cv_env_CXX_set=
ac_cv_env_CXX_value=
ac_cv_env_LDFLAGS_set=
ac_cv_env_LDFLAGS_value=
ac_cv_env_LIBS_set=
ac_cv_env_LIBS_value=
ac_cv_env_build_alias_set=
ac_cv_env_build_alias_value=
ac_cv_env_host_alias_set=set
ac_cv_env_host_alias_value=arm-linux-androideabi
ac_cv_env_target_alias_set=
ac_cv_env_target_alias_value=
ac_cv_host=arm-unknown-linux-androideabi
ac_cv_lib_crystax_main=no
ac_cv_lib_z_main=yes
ac_cv_objext=o
ac_cv_path_AAPT=/home/zach/zach/opt/android-sdk-linux/build-tools/20.0.0/aapt
ac_cv_path_AR=/home/zach/zach/opt/android-toolchain/android-17/bin/arm-linux-androideabi-ar
ac_cv_path_AR_FOR_BUILD=/usr/bin/ar
ac_cv_path_AS=/home/zach/zach/opt/android-toolchain/android-17/bin/arm-linux-androideabi-as
ac_cv_path_AS_FOR_BUILD=/usr/bin/as
ac_cv_path_CC=/home/zach/zach/opt/android-toolchain/android-17/bin/arm-linux-androideabi-gcc
ac_cv_path_CC_FOR_BUILD=/usr/bin/gcc
ac_cv_path_CURL=/usr/bin/curl
ac_cv_path_CXX=/home/zach/zach/opt/android-toolchain/android-17/bin/arm-linux-androideabi-g++
ac_cv_path_CXX_FOR_BUILD=/usr/bin/g++
ac_cv_path_DX=/home/zach/zach/opt/android-sdk-linux/build-tools/20.0.0/dx
ac_cv_path_LD=/home/zach/zach/opt/android-toolchain/android-17/bin/arm-linux-androideabi-ld
ac_cv_path_LD_FOR_BUILD=/usr/bin/ld
ac_cv_path_NM=/home/zach/zach/opt/android-toolchain/android-17/bin/arm-linux-androideabi-nm
ac_cv_path_NM_FOR_BUILD=/usr/bin/nm
ac_cv_path_OBJDUMP=/home/zach/zach/opt/android-toolchain/android-17/bin/arm-linux-androideabi-objdump
ac_cv_path_OBJDUMP_FOR_BUILD=/usr/bin/objdump
ac_cv_path_RANLIB=/home/zach/zach/opt/android-toolchain/android-17/bin/arm-linux-androideabi-ranlib
ac_cv_path_RANLIB_FOR_BUILD=/usr/bin/ranlib
ac_cv_path_READELF=/home/zach/zach/opt/android-toolchain/android-17/bin/arm-linux-androideabi-readelf
ac_cv_path_READELF_FOR_BUILD=/usr/bin/readelf
ac_cv_path_STRIP=/home/zach/zach/opt/android-toolchain/android-17/bin/arm-linux-androideabi-strip
ac_cv_path_STRIP_FOR_BUILD=/usr/bin/strip
ac_cv_path_TAR=/bin/tar
ac_cv_path_ZIPALIGN=/home/zach/zach/opt/android-sdk-linux/build-tools/20.0.0/zipalign
ac_cv_prog_CC=/home/zach/zach/opt/android-toolchain/android-17/bin/arm-linux-androideabi-gcc
ac_cv_prog_CPP='/home/zach/zach/opt/android-toolchain/android-17/bin/arm-linux-androideabi-gcc -E'
ac_cv_prog_HAVE_UNZIP=yes
ac_cv_prog_HAVE_ZIP=yes
ac_cv_prog_ac_ct_CXX=g++
ac_cv_prog_cc_c89=
ac_cv_prog_cc_g=yes
ac_cv_prog_cxx_g=yes
ac_cv_search_iconv_open=no
ax_cv_cxx_compile_cxx11=no
ax_cv_cxx_compile_cxx11__std_gnupp11=yes

## ----------------- ##
## Output variables. ##
## ----------------- ##

AAPT='/home/zach/zach/opt/android-sdk-linux/build-tools/20.0.0/aapt'
AR='/home/zach/zach/opt/android-toolchain/android-17/bin/arm-linux-androideabi-ar'
ARCH_DEFINES='-DTARGET_POSIX -DTARGET_LINUX -D_LINUX -DTARGET_ANDROID'
AR_FOR_BUILD='/usr/bin/ar'
AS='/home/zach/zach/opt/android-toolchain/android-17/bin/arm-linux-androideabi-as'
AS_FOR_BUILD='/usr/bin/as'
CC='/home/zach/zach/opt/android-toolchain/android-17/bin/arm-linux-androideabi-gcc'
CC_FOR_BUILD='/usr/bin/gcc'
CFLAGS=''
CPP='/home/zach/zach/opt/android-toolchain/android-17/bin/arm-linux-androideabi-gcc -E'
CPPFLAGS=''
CURL='/usr/bin/curl'
CXX11_SWITCH='-std=gnu++11'
CXX='/home/zach/zach/opt/android-toolchain/android-17/bin/arm-linux-androideabi-g++'
CXXFLAGS='-g -O2 -std=gnu++11'
CXX_FOR_BUILD='/usr/bin/g++'
DEFS='-DPACKAGE_NAME=\"xbmc-depends\" -DPACKAGE_TARNAME=\"xbmc-depends\" -DPACKAGE_VERSION=\"2.00\" -DPACKAGE_STRING=\"xbmc-depends\ 2.00\" -DPACKAGE_BUGREPORT=\"http://trac.xbmc.org\" -DPACKAGE_URL=\"\" -DHAVE_CXX11=1'
DX='/home/zach/zach/opt/android-sdk-linux/build-tools/20.0.0/dx'
ECHO_C=''
ECHO_N='-n'
ECHO_T=''
EXEEXT=''
HAVE_CXX11='1'
HAVE_UNZIP='yes'
HAVE_ZIP='yes'
LD='/home/zach/zach/opt/android-toolchain/android-17/bin/arm-linux-androideabi-ld'
LDFLAGS=''
LD_FOR_BUILD='/usr/bin/ld'
LIBOBJS=''
LIBS=''
LTLIBOBJS=''
NATIVE_ARCH_DEFINES='-DTARGET_POSIX -DTARGET_LINUX -D_LINUX'
NM='/home/zach/zach/opt/android-toolchain/android-17/bin/arm-linux-androideabi-nm'
NM_FOR_BUILD='/usr/bin/nm'
OBJDUMP='/home/zach/zach/opt/android-toolchain/android-17/bin/arm-linux-androideabi-objdump'
OBJDUMP_FOR_BUILD='/usr/bin/objdump'
OBJEXT='o'
PACKAGE_BUGREPORT='http://trac.xbmc.org'
PACKAGE_NAME='xbmc-depends'
PACKAGE_STRING='xbmc-depends 2.00'
PACKAGE_TARNAME='xbmc-depends'
PACKAGE_URL=''
PACKAGE_VERSION='2.00'
PATH_SEPARATOR=':'
RANLIB='/home/zach/zach/opt/android-toolchain/android-17/bin/arm-linux-androideabi-ranlib'
RANLIB_FOR_BUILD='/usr/bin/ranlib'
READELF='/home/zach/zach/opt/android-toolchain/android-17/bin/arm-linux-androideabi-readelf'
READELF_FOR_BUILD='/usr/bin/readelf'
SHELL='/bin/bash'
STRIP='/home/zach/zach/opt/android-toolchain/android-17/bin/arm-linux-androideabi-strip'
STRIP_FOR_BUILD='/usr/bin/strip'
TAR='/bin/tar'
ZIPALIGN='/home/zach/zach/opt/android-sdk-linux/build-tools/20.0.0/zipalign'
ac_ct_CC=''
ac_ct_CXX='g++'
bindir='${exec_prefix}/bin'
build='x86_64-unknown-linux-gnu'
build_alias=''
build_cpu='x86_64'
build_os='linux'
build_vendor='unknown'
cross_compiling='yes'
datadir='${datarootdir}'
datarootdir='${prefix}/share'
deps_dir='arm-linux-androideabi-android-17'
docdir='${datarootdir}/doc/${PACKAGE_TARNAME}'
dvidir='${docdir}'
exec_prefix='${prefix}'
has_libcrystax='0'
has_zlib='1'
host='arm-unknown-linux-androideabi'
host_alias='arm-linux-androideabi'
host_cpu='arm'
host_os='linux-androideabi'
host_vendor='unknown'
htmldir='${docdir}'
includedir='${prefix}/include'
infodir='${datarootdir}/info'
libdir='${exec_prefix}/lib'
libexecdir='${exec_prefix}/libexec'
link_iconv='-liconv'
localedir='${datarootdir}/locale'
localstatedir='${prefix}/var'
mandir='${datarootdir}/man'
need_libiconv='1'
oldincludedir='/usr/include'
pdfdir='${docdir}'
platform_cflags='-DANDROID -Os -fexceptions -march=armv7-a -mtune=cortex-a9 -mfloat-abi=softfp -mfpu=neon '
platform_cxxflags='-DANDROID -Os -fexceptions -march=armv7-a -mtune=cortex-a9 -mfloat-abi=softfp -mfpu=neon -frtti -g -O2 -std=gnu++11'
platform_includes='-I/home/zach/zach/opt/xbmc-depends/arm-linux-androideabi-android-17/include/android-17'
platform_ldflags='-L/home/zach/zach/opt/xbmc-depends/arm-linux-androideabi-android-17/lib/android-17  '
platform_os='android'
prefix='/home/zach/zach/opt/xbmc-depends'
program_transform_name='s,x,x,'
psdir='${docdir}'
sbindir='${exec_prefix}/sbin'
sharedstatedir='${prefix}/com'
sysconfdir='${prefix}/etc'
target_alias=''
target_platform=''
tool_dir='x86_64-linux-gnu-native'
use_build_toolchain=''
use_cpu='armeabi-v7a'
use_firmware=''
use_gplv3='yes'
use_host='arm-linux-androideabi'
use_ndk='/home/zach/zach/opt/android-ndk-r10e'
use_sdk='android-17'
use_sdk_path='/home/zach/zach/opt/android-sdk-linux'
use_tarballs='/home/zach/zach/opt/xbmc-depends/xbmc-tarballs'
use_toolchain='/home/zach/zach/opt/android-toolchain/android-17'
use_xcode=''

## ----------- ##
## confdefs.h. ##
## ----------- ##

/* confdefs.h */
#define PACKAGE_NAME "xbmc-depends"
#define PACKAGE_TARNAME "xbmc-depends"
#define PACKAGE_VERSION "2.00"
#define PACKAGE_STRING "xbmc-depends 2.00"
#define PACKAGE_BUGREPORT "http://trac.xbmc.org"
#define PACKAGE_URL ""
#define HAVE_CXX11 1

configure: exit 0
